[2024-10-09T01:51:13-03:00] [info]: Environment variables successfully loaded.
[2024-10-09T01:51:13-03:00] [info]: The API is running on port 5000.
[2024-10-09T01:54:18-03:00] [info]: Environment variables successfully loaded.
[2024-10-09T01:54:18-03:00] [info]: The API is running on port 5000.
[2024-10-09T01:55:05-03:00] [info]: Environment variables successfully loaded.
[2024-10-09T01:55:05-03:00] [error]: AAAAAAAAAAAAAAAAAAA
[2024-10-09T01:55:05-03:00] [info]: The API is running on port 5000.
[2024-10-09T01:55:43-03:00] [info]: Environment variables successfully loaded.
[2024-10-09T01:55:43-03:00] [info]: The API is running on port 5000.
[2024-10-09T01:55:50-03:00] [info]: Environment variables successfully loaded.
[2024-10-09T01:55:50-03:00] [info]: The API is running on port 5000.
[2024-10-09T01:57:42-03:00] [info]: Environment variables successfully loaded.
[2024-10-09T01:57:42-03:00] [info]: The API is running on port 5000.
[2024-10-09T01:57:52-03:00] [info]: Environment variables successfully loaded.
[2024-10-09T01:57:52-03:00] [error]: Failed to start the server: listen EADDRINUSE: address already in use :::5000
[2024-10-09T02:02:21-03:00] [warn]: NODE_ENV value could not be retrieved. Setting to default value 'development'.
[2024-10-09T02:02:21-03:00] [info]: Environment variables successfully loaded.
[2024-10-09T02:02:21-03:00] [info]: The API is running on port 5000.
[2024-10-09T02:46:02-03:00] [warn]: NODE_ENV value could not be retrieved. Setting to default value 'development'.
[2024-10-09T02:46:02-03:00] [info]: Environment variables successfully loaded.
[2024-10-09T02:46:02-03:00] [info]: The API is running on port 5000.
[2024-10-09T02:46:16-03:00] [warn]: NODE_ENV value could not be retrieved. Setting to default value 'development'.
[2024-10-09T02:46:16-03:00] [info]: Environment variables successfully loaded.
[2024-10-09T02:46:16-03:00] [info]: The API is running on port 5000.
[2024-10-09T04:18:09-03:00] [info]: Environment variables successfully loaded.
[2024-10-09T04:18:09-03:00] [info]: The API is running on port 5000.
[2024-10-09T04:18:16-03:00] [info]: Environment variables successfully loaded.
[2024-10-09T04:18:16-03:00] [info]: The API is running on port 5000.
[2024-10-09T04:18:19-03:00] [info]: Environment variables successfully loaded.
[2024-10-09T04:18:19-03:00] [info]: The API is running on port 5000.
[2024-10-09T04:18:21-03:00] [info]: Environment variables successfully loaded.
[2024-10-09T04:18:21-03:00] [info]: The API is running on port 5000.
[2024-10-09T04:20:45-03:00] [info]: Environment variables successfully loaded.
[2024-10-09T04:20:45-03:00] [info]: The API is running on port 5000.
[2024-10-09T04:20:58-03:00] [info]: Environment variables successfully loaded.
[2024-10-09T04:20:58-03:00] [info]: The API is running on port 5000.
[2024-10-09T04:21:16-03:00] [info]: Environment variables successfully loaded.
[2024-10-09T04:21:16-03:00] [info]: Testing logs
[2024-10-09T04:21:16-03:00] [info]: The API is running on port 5000.
[2024-10-09T04:21:21-03:00] [info]: Environment variables successfully loaded.
[2024-10-09T04:21:21-03:00] [error]: Testing logs
[2024-10-09T04:21:21-03:00] [info]: The API is running on port 5000.
[2024-10-09T04:21:24-03:00] [info]: Environment variables successfully loaded.
[2024-10-09T04:21:24-03:00] [warn]: Testing logs
[2024-10-09T04:21:24-03:00] [info]: The API is running on port 5000.
[2024-10-09T04:21:29-03:00] [info]: Environment variables successfully loaded.
[2024-10-09T04:21:29-03:00] [info]: The API is running on port 5000.
[2024-10-09T04:23:29-03:00] [info]: Environment variables successfully loaded.
[2024-10-09T04:23:29-03:00] [info]: The API is running on port 5000.
[2024-10-09T07:25:34Z] [warn]: NODE_ENV value could not be retrieved. Setting to default value 'development'.
[2024-10-09T07:25:34Z] [info]: Environment variables successfully loaded.
[2024-10-09T07:25:34Z] [info]: The API is running on port 5000.
[2024-10-09T07:28:30Z] [info]: Environment variables successfully loaded.
[2024-10-09T07:28:30Z] [info]: The API is running on port 5000.
[2024-10-09T07:29:37Z] [info]: Environment variables successfully loaded.
[2024-10-09T07:29:37Z] [info]: The API is running on port 5000.
[2024-10-09T04:29:50-03:00] [warn]: NODE_ENV value could not be retrieved. Setting to default value 'development'.
[2024-10-09T04:29:50-03:00] [info]: Environment variables successfully loaded.
[2024-10-09T04:29:50-03:00] [info]: The API is running on port 5000.
[2024-10-09T04:31:19-03:00] [info]: Environment variables successfully loaded.
[2024-10-09T04:31:19-03:00] [info]: The API is running on port 5000.
[2024-10-09T04:35:06-03:00] [info]: Environment variables successfully loaded.
[2024-10-09T04:35:06-03:00] [info]: The API is running on port 5000.
[2024-10-09T04:57:05-03:00] [info]: Environment variables successfully loaded.
[2024-10-09T04:57:05-03:00] [info]: The API is running on port 5000.
[2024-10-10T05:09:26-03:00] [info]: Environment variables successfully loaded.
[2024-10-10T05:09:26-03:00] [info]: The API is running on port 5000.
[2024-10-10T05:10:34-03:00] [info]: Environment variables successfully loaded.
[2024-10-10T05:10:34-03:00] [info]: The API is running on port 5000.
[2024-10-10T05:11:53-03:00] [info]: Environment variables successfully loaded.
[2024-10-10T05:11:53-03:00] [info]: The API is running on port 5000.
[2024-10-10T05:13:13-03:00] [info]: Environment variables successfully loaded.
[2024-10-10T05:13:13-03:00] [info]: The API is running on port 5000.
[2024-10-11T06:36:22-03:00] [info]: Environment variables successfully loaded.
[2024-10-11T06:36:22-03:00] [info]: The API is running on port 5000.
[2024-10-11T06:36:29-03:00] [info]: Environment variables successfully loaded.
[2024-10-11T06:36:29-03:00] [info]: The API is running on port 5000.
[2024-10-11T06:43:45-03:00] [info]: Environment variables successfully loaded.
[2024-10-11T06:43:45-03:00] [info]: The API is running on port 5000.
[2024-10-11T06:44:09-03:00] [warn]: 'SERVER_IP' value could not be found in environment. Setting to default value 'localhost'.
[2024-10-11T06:44:09-03:00] [warn]: 'SERVER_PORT' value could not be found in environment. Setting to default value '22'.
[2024-10-11T06:44:09-03:00] [info]: Environment variables successfully loaded.
[2024-10-11T06:44:09-03:00] [info]: The API is running on port 5000.
[2024-10-11T06:45:13-03:00] [warn]: 'SERVER_IP' value could not be found in environment. Setting to default value 'localhost'.
[2024-10-11T06:45:13-03:00] [warn]: 'SERVER_PORT' value could not be found in environment. Setting to default value '22'.
[2024-10-11T06:45:13-03:00] [info]: Environment variables successfully loaded.
[2024-10-11T06:45:13-03:00] [info]: The API is running on port 5000.
[2024-10-11T06:45:54-03:00] [warn]: 'SERVER_IP' value could not be found in environment. Setting to default value 'localhost'.
[2024-10-11T06:45:54-03:00] [warn]: 'SERVER_PORT' value could not be found in environment. Setting to default value '22'.
[2024-10-11T06:45:54-03:00] [info]: Environment variables successfully loaded.
[2024-10-11T06:45:54-03:00] [info]: The API is running on port 5000.
[2024-10-11T06:48:01-03:00] [warn]: 'SERVER_IP' value could not be found in environment. Setting to default value 'localhost'.
[2024-10-11T06:48:01-03:00] [warn]: 'SERVER_PORT' value could not be found in environment. Setting to default value '22'.
[2024-10-11T06:48:01-03:00] [info]: Environment variables successfully loaded.
[2024-10-11T06:48:01-03:00] [info]: The API is running on port 5000.
[2024-10-11T06:48:35-03:00] [warn]: 'SERVER_IP' value could not be found in environment. Setting to default value 'localhost'.
[2024-10-11T06:48:35-03:00] [warn]: 'SERVER_PORT' value could not be found in environment. Setting to default value '22'.
[2024-10-11T06:48:35-03:00] [info]: Environment variables successfully loaded.
[2024-10-11T06:48:35-03:00] [info]: The API is running on port 5000.
[2024-10-11T06:51:23-03:00] [warn]: 'SERVER_IP' value could not be found in environment. Setting to default value 'localhost'.
[2024-10-11T06:51:23-03:00] [warn]: 'SERVER_PORT' value could not be found in environment. Setting to default value '22'.
[2024-10-11T06:51:23-03:00] [info]: Environment variables successfully loaded.
[2024-10-11T06:51:23-03:00] [info]: The API is running on port 5000.
[2024-10-11T06:51:39-03:00] [warn]: 'SERVER_IP' value could not be found in environment. Setting to default value 'localhost'.
[2024-10-11T06:51:39-03:00] [warn]: 'SERVER_PORT' value could not be found in environment. Setting to default value '22'.
[2024-10-11T06:51:39-03:00] [info]: Environment variables successfully loaded.
[2024-10-11T06:51:39-03:00] [info]: The API is running on port 5000.
[2024-10-11T06:56:22-03:00] [warn]: 'SERVER_IP' value could not be found in environment. Setting to default value 'localhost'.
[2024-10-11T06:56:22-03:00] [warn]: 'SERVER_PORT' value could not be found in environment. Setting to default value '22'.
[2024-10-11T06:56:22-03:00] [info]: Environment variables successfully loaded.
[2024-10-11T06:56:22-03:00] [info]: The API is running on port 5000.
[2024-10-11T06:56:32-03:00] [warn]: 'SERVER_IP' value could not be found in environment. Setting to default value 'localhost'.
[2024-10-11T06:56:32-03:00] [warn]: 'SERVER_PORT' value could not be found in environment. Setting to default value '22'.
[2024-10-11T06:56:32-03:00] [info]: Environment variables successfully loaded.
[2024-10-11T06:56:32-03:00] [info]: The API is running on port 5000.
[2024-10-11T06:57:20-03:00] [warn]: 'SERVER_IP' value could not be found in environment. Setting to default value 'localhost'.
[2024-10-11T06:57:20-03:00] [warn]: 'SERVER_PORT' value could not be found in environment. Setting to default value '22'.
[2024-10-11T06:57:20-03:00] [info]: Environment variables successfully loaded.
[2024-10-11T06:57:20-03:00] [info]: The API is running on port 5000.
[2024-10-11T07:00:09-03:00] [info]: Environment variables successfully loaded.
[2024-10-11T07:00:09-03:00] [info]: The API is running on port 5000.
[2024-10-11T07:00:57-03:00] [info]: Environment variables successfully loaded.
[2024-10-11T07:00:57-03:00] [info]: The API is running on port 5000.
[2024-10-11T07:01:06-03:00] [info]: Environment variables successfully loaded.
[2024-10-11T07:01:06-03:00] [info]: The API is running on port 5000.
[2024-10-11T07:01:37-03:00] [info]: Environment variables successfully loaded.
[2024-10-11T07:01:37-03:00] [info]: The API is running on port 5000.
[2024-10-11T07:02:06-03:00] [info]: Environment variables successfully loaded.
[2024-10-11T07:02:06-03:00] [info]: The API is running on port 5000.
[2024-10-11T07:02:32-03:00] [info]: Environment variables successfully loaded.
[2024-10-11T07:02:32-03:00] [info]: The API is running on port 5000.
[2024-10-11T07:04:02-03:00] [info]: Environment variables successfully loaded.
[2024-10-11T07:04:02-03:00] [info]: The API is running on port 5000.
[2024-10-11T07:04:18-03:00] [info]: Environment variables successfully loaded.
[2024-10-11T07:04:18-03:00] [info]: The API is running on port 5000.
[2024-10-11T07:09:02-03:00] [info]: Environment variables successfully loaded.
[2024-10-11T07:09:02-03:00] [info]: The API is running on port 5000.
[2024-10-11T22:40:41-03:00] [info]: Environment variables successfully loaded.
[2024-10-11T22:40:41-03:00] [info]: The API is running on port 5000.
[2024-10-11T22:42:13-03:00] [info]: Environment variables successfully loaded.
[2024-10-11T22:42:13-03:00] [info]: The API is running on port 5000.
[2024-10-11T22:49:10-03:00] [info]: Environment variables successfully loaded.
[2024-10-11T22:49:10-03:00] [info]: The API is running on port 5000.
[2024-10-11T22:52:24-03:00] [info]: Environment variables successfully loaded.
[2024-10-11T22:52:24-03:00] [info]: The API is running on port 5000.
[2024-10-11T22:53:13-03:00] [info]: Environment variables successfully loaded.
[2024-10-11T22:53:13-03:00] [info]: The API is running on port 5000.
[2024-10-11T22:54:28-03:00] [info]: Environment variables successfully loaded.
[2024-10-11T22:54:28-03:00] [info]: The API is running on port 5000.
[2024-10-11T22:54:48-03:00] [info]: Environment variables successfully loaded.
[2024-10-11T22:54:48-03:00] [info]: The API is running on port 5000.
[2024-10-11T23:28:36-03:00] [info]: Environment variables successfully loaded.
[2024-10-11T23:28:36-03:00] [info]: The API is running on port 5000.
[2024-10-11T23:30:11-03:00] [info]: Environment variables successfully loaded.
[2024-10-11T23:30:11-03:00] [info]: The API is running on port 5000.
[2024-10-11T23:33:40-03:00] [info]: Environment variables successfully loaded.
[2024-10-11T23:33:40-03:00] [info]: The API is running on port 5000.
[2024-10-11T23:38:43-03:00] [info]: Environment variables successfully loaded.
[2024-10-11T23:38:43-03:00] [info]: The API is running on port 5000.
[2024-10-11T23:49:54-03:00] [info]: Environment variables successfully loaded.
[2024-10-11T23:49:54-03:00] [info]: The API is running on port 5000.
[2024-10-12T00:07:53-03:00] [info]: Environment variables successfully loaded.
[2024-10-12T00:07:53-03:00] [info]: The API is running on port 5000.
[2024-10-12T00:07:59-03:00] [info]: Environment variables successfully loaded.
[2024-10-12T00:07:59-03:00] [info]: The API is running on port 5000.
[2024-10-12T00:08:44-03:00] [info]: Environment variables successfully loaded.
[2024-10-12T00:08:44-03:00] [info]: The API is running on port 5000.
[2024-10-12T00:09:11-03:00] [info]: Environment variables successfully loaded.
[2024-10-12T00:09:11-03:00] [info]: The API is running on port 5000.
[2024-10-12T00:10:32-03:00] [info]: Environment variables successfully loaded.
[2024-10-12T00:10:32-03:00] [info]: The API is running on port 5000.
[2024-10-12T00:12:01-03:00] [info]: Environment variables successfully loaded.
[2024-10-12T00:12:01-03:00] [info]: The API is running on port 5000.
[2024-10-12T00:21:19-03:00] [info]: Environment variables successfully loaded.
[2024-10-12T00:21:19-03:00] [info]: The API is running on port 5000.
[2024-10-12T00:22:12-03:00] [info]: Environment variables successfully loaded.
[2024-10-12T00:22:12-03:00] [info]: The API is running on port 5000.
[2024-10-12T00:26:45-03:00] [info]: Environment variables successfully loaded.
[2024-10-12T00:26:45-03:00] [info]: The API is running on port 5000.
[2024-10-12T00:27:52-03:00] [info]: Environment variables successfully loaded.
[2024-10-12T00:27:53-03:00] [info]: The API is running on port 5000.
[2024-10-12T00:29:50-03:00] [info]: Environment variables successfully loaded.
[2024-10-12T00:29:50-03:00] [info]: The API is running on port 5000.
[2024-10-12T00:30:39-03:00] [info]: Environment variables successfully loaded.
[2024-10-12T00:30:39-03:00] [info]: The API is running on port 5000.
[2024-10-12T00:31:06-03:00] [info]: Environment variables successfully loaded.
[2024-10-12T00:31:06-03:00] [info]: The API is running on port 5000.
[2024-10-12T00:33:54-03:00] [info]: Environment variables successfully loaded.
[2024-10-12T00:33:54-03:00] [info]: The API is running on port 5000.
[2024-10-12T00:35:14-03:00] [info]: Environment variables successfully loaded.
[2024-10-12T00:35:14-03:00] [info]: The API is running on port 5000.
[2024-10-12T00:36:18-03:00] [info]: Environment variables successfully loaded.
[2024-10-12T00:36:18-03:00] [info]: The API is running on port 5000.
[2024-10-12T00:40:08-03:00] [info]: Environment variables successfully loaded.
[2024-10-12T00:40:08-03:00] [info]: The API is running on port 5000.
[2024-10-12T00:40:43-03:00] [info]: Environment variables successfully loaded.
[2024-10-12T00:40:43-03:00] [info]: The API is running on port 5000.
[2024-10-12T00:43:04-03:00] [info]: Environment variables successfully loaded.
[2024-10-12T00:43:04-03:00] [info]: The API is running on port 5000.
[2024-10-12T00:47:01-03:00] [info]: Environment variables successfully loaded.
[2024-10-12T00:47:01-03:00] [info]: The API is running on port 5000.
[2024-10-12T00:48:00-03:00] [info]: Environment variables successfully loaded.
[2024-10-12T00:48:00-03:00] [info]: The API is running on port 5000.
[2024-10-12T00:52:51-03:00] [info]: Environment variables successfully loaded.
[2024-10-12T00:52:51-03:00] [info]: The API is running on port 5000.
[2024-10-12T00:53:11-03:00] [info]: Environment variables successfully loaded.
[2024-10-12T00:53:11-03:00] [info]: The API is running on port 5000.
[2024-10-12T00:54:20-03:00] [info]: Environment variables successfully loaded.
[2024-10-12T00:54:20-03:00] [info]: The API is running on port 5000.
[2024-10-12T00:55:05-03:00] [info]: Environment variables successfully loaded.
[2024-10-12T00:55:05-03:00] [info]: The API is running on port 5000.
[2024-10-12T00:57:27-03:00] [info]: Environment variables successfully loaded.
[2024-10-12T00:57:27-03:00] [info]: The API is running on port 5000.
[2024-10-12T00:57:33-03:00] [info]: Environment variables successfully loaded.
[2024-10-12T00:57:33-03:00] [info]: The API is running on port 5000.
[2024-10-12T00:58:14-03:00] [info]: Environment variables successfully loaded.
[2024-10-12T00:58:14-03:00] [info]: The API is running on port 5000.
[2024-10-12T00:58:15-03:00] [info]: Environment variables successfully loaded.
[2024-10-12T00:58:15-03:00] [info]: The API is running on port 5000.
[2024-10-12T00:58:42-03:00] [info]: Environment variables successfully loaded.
[2024-10-12T00:58:42-03:00] [info]: The API is running on port 5000.
[2024-10-12T00:59:19-03:00] [info]: Environment variables successfully loaded.
[2024-10-12T00:59:19-03:00] [info]: The API is running on port 5000.
[2024-10-12T00:59:35-03:00] [info]: Environment variables successfully loaded.
[2024-10-12T00:59:35-03:00] [info]: The API is running on port 5000.
[2024-10-12T01:04:20-03:00] [info]: Environment variables successfully loaded.
[2024-10-12T01:04:20-03:00] [info]: The API is running on port 5000.
[2024-10-12T01:40:01-03:00] [info]: Environment variables successfully loaded.
[2024-10-12T01:40:01-03:00] [info]: The API is running on port 5000.
[2024-10-12T01:41:09-03:00] [info]: Environment variables successfully loaded.
[2024-10-12T01:41:09-03:00] [info]: The API is running on port 5000.
[2024-10-12T01:41:47-03:00] [info]: Environment variables successfully loaded.
[2024-10-12T01:41:47-03:00] [info]: The API is running on port 5000.
[2024-10-12T01:43:13-03:00] [info]: Environment variables successfully loaded.
[2024-10-12T01:43:13-03:00] [info]: The API is running on port 5000.
[2024-10-12T01:46:47-03:00] [info]: Environment variables successfully loaded.
[2024-10-12T01:46:47-03:00] [info]: The API is running on port 5000.
[2024-10-12T01:46:54-03:00] [info]: Environment variables successfully loaded.
[2024-10-12T01:46:54-03:00] [info]: The API is running on port 5000.
[2024-10-12T01:50:31-03:00] [info]: Environment variables successfully loaded.
[2024-10-12T01:50:31-03:00] [info]: The API is running on port 5000.
[2024-10-12T01:50:44-03:00] [info]: Environment variables successfully loaded.
[2024-10-12T01:50:44-03:00] [info]: The API is running on port 5000.
[2024-10-12T01:52:13-03:00] [info]: Environment variables successfully loaded.
[2024-10-12T01:52:13-03:00] [info]: The API is running on port 5000.
[2024-10-12T01:52:34-03:00] [info]: Environment variables successfully loaded.
[2024-10-12T01:52:34-03:00] [info]: The API is running on port 5000.
[2024-10-12T01:54:05-03:00] [info]: Environment variables successfully loaded.
[2024-10-12T01:54:05-03:00] [info]: The API is running on port 5000.
[2024-10-12T01:58:14-03:00] [info]: Environment variables successfully loaded.
[2024-10-12T01:58:14-03:00] [info]: The API is running on port 5000.
[2024-10-12T02:02:20-03:00] [info]: Environment variables successfully loaded.
[2024-10-12T02:02:20-03:00] [info]: The API is running on port 5000.
[2024-10-12T02:02:49-03:00] [info]: Environment variables successfully loaded.
[2024-10-12T02:02:49-03:00] [info]: The API is running on port 5000.
[2024-10-12T02:02:52-03:00] [info]: Environment variables successfully loaded.
[2024-10-12T02:02:52-03:00] [info]: The API is running on port 5000.
[2024-10-12T02:06:12-03:00] [info]: Environment variables successfully loaded.
[2024-10-12T02:06:12-03:00] [info]: The API is running on port 5000.
[2024-10-12T02:08:13-03:00] [info]: Environment variables successfully loaded.
[2024-10-12T02:08:13-03:00] [info]: The API is running on port 5000.
[2024-10-12T02:08:53-03:00] [info]: Environment variables successfully loaded.
[2024-10-12T02:08:53-03:00] [info]: The API is running on port 5000.
[2024-10-12T02:09:24-03:00] [info]: Environment variables successfully loaded.
[2024-10-12T02:09:24-03:00] [info]: The API is running on port 5000.
[2024-10-12T02:09:39-03:00] [info]: Environment variables successfully loaded.
[2024-10-12T02:09:39-03:00] [info]: The API is running on port 5000.
[2024-10-12T02:10:14-03:00] [info]: Environment variables successfully loaded.
[2024-10-12T02:10:14-03:00] [info]: The API is running on port 5000.
[2024-10-12T02:10:15-03:00] [info]: Environment variables successfully loaded.
[2024-10-12T02:10:15-03:00] [info]: The API is running on port 5000.
[2024-10-12T02:10:47-03:00] [info]: Environment variables successfully loaded.
[2024-10-12T02:10:47-03:00] [info]: The API is running on port 5000.
[2024-10-12T02:12:57-03:00] [info]: Environment variables successfully loaded.
[2024-10-12T02:12:57-03:00] [info]: The API is running on port 5000.
[2024-10-12T02:15:47-03:00] [info]: Environment variables successfully loaded.
[2024-10-12T02:15:47-03:00] [info]: The API is running on port 5000.
[2024-10-12T02:17:03-03:00] [info]: Environment variables successfully loaded.
[2024-10-12T02:17:03-03:00] [info]: The API is running on port 5000.
[2024-10-12T02:18:05-03:00] [info]: Environment variables successfully loaded.
[2024-10-12T02:18:05-03:00] [info]: The API is running on port 5000.
[2024-10-12T02:18:10-03:00] [info]: Environment variables successfully loaded.
[2024-10-12T02:18:10-03:00] [info]: The API is running on port 5000.
[2024-10-12T02:18:35-03:00] [info]: Environment variables successfully loaded.
[2024-10-12T02:18:35-03:00] [info]: The API is running on port 5000.
[2024-10-12T02:36:58-03:00] [info]: Environment variables successfully loaded.
[2024-10-12T02:36:58-03:00] [info]: The API is running on port 5000.
[2024-10-12T02:37:37-03:00] [info]: Environment variables successfully loaded.
[2024-10-12T02:37:37-03:00] [info]: The API is running on port 5000.
[2024-10-12T02:37:54-03:00] [info]: Environment variables successfully loaded.
[2024-10-12T02:37:54-03:00] [info]: The API is running on port 5000.
[2024-10-12T02:39:31-03:00] [info]: Environment variables successfully loaded.
[2024-10-12T02:39:31-03:00] [info]: The API is running on port 5000.
[2024-10-12T02:40:01-03:00] [info]: Environment variables successfully loaded.
[2024-10-12T02:40:01-03:00] [info]: The API is running on port 5000.
[2024-10-12T02:42:35-03:00] [info]: Environment variables successfully loaded.
[2024-10-12T02:42:35-03:00] [info]: The API is running on port 5000.
[2024-10-12T02:42:59-03:00] [info]: Environment variables successfully loaded.
[2024-10-12T02:42:59-03:00] [info]: The API is running on port 5000.
[2024-10-12T02:53:16-03:00] [info]: Environment variables successfully loaded.
[2024-10-12T02:53:16-03:00] [info]: The API is running on port 5000.
[2024-10-12T02:53:19-03:00] [warn]: Failed login attempt from IP: '::ffff:172.23.0.1' for user vago-dev1. Invalid passphrase.
[2024-10-12T02:53:27-03:00] [warn]: Failed login attempt from IP: '::ffff:172.23.0.1' for uesr vago-dev1. Invalid private key.
[2024-10-12T02:55:32-03:00] [info]: Environment variables successfully loaded.
[2024-10-12T02:55:32-03:00] [info]: The API is running on port 5000.
[2024-10-12T02:55:39-03:00] [info]: Environment variables successfully loaded.
[2024-10-12T02:55:39-03:00] [info]: The API is running on port 5000.
[2024-10-12T02:56:10-03:00] [info]: Environment variables successfully loaded.
[2024-10-12T02:56:10-03:00] [info]: The API is running on port 5000.
[2024-10-12T02:56:42-03:00] [info]: Environment variables successfully loaded.
[2024-10-12T02:56:42-03:00] [info]: The API is running on port 5000.
[2024-10-12T02:57:10-03:00] [info]: Environment variables successfully loaded.
[2024-10-12T02:57:10-03:00] [info]: The API is running on port 5000.
[2024-10-12T02:57:16-03:00] [info]: Environment variables successfully loaded.
[2024-10-12T02:57:16-03:00] [info]: The API is running on port 5000.
[2024-10-12T02:57:24-03:00] [info]: Environment variables successfully loaded.
[2024-10-12T02:57:24-03:00] [info]: The API is running on port 5000.
[2024-10-12T02:57:45-03:00] [info]: Environment variables successfully loaded.
[2024-10-12T02:57:45-03:00] [info]: The API is running on port 5000.
[2024-10-12T02:57:56-03:00] [info]: Environment variables successfully loaded.
[2024-10-12T02:57:56-03:00] [info]: The API is running on port 5000.
[2024-10-12T02:58:03-03:00] [info]: Environment variables successfully loaded.
[2024-10-12T02:58:03-03:00] [info]: The API is running on port 5000.
[2024-10-12T02:58:10-03:00] [info]: Environment variables successfully loaded.
[2024-10-12T02:58:10-03:00] [info]: The API is running on port 5000.
[2024-10-12T02:58:17-03:00] [info]: Environment variables successfully loaded.
[2024-10-12T02:58:17-03:00] [info]: The API is running on port 5000.
[2024-10-12T02:59:01-03:00] [info]: Environment variables successfully loaded.
[2024-10-12T02:59:01-03:00] [info]: The API is running on port 5000.
[2024-10-12T02:59:04-03:00] [warn]: Failed login attempt from IP: '::ffff:172.23.0.1' for user vago-dev1. Invalid passphrase.
[2024-10-12T02:59:11-03:00] [info]: Environment variables successfully loaded.
[2024-10-12T02:59:11-03:00] [info]: The API is running on port 5000.
[2024-10-12T02:59:13-03:00] [warn]: Failed login attempt from IP: '::ffff:172.23.0.1' for user vago-dev1. Invalid passphrase.
[2024-10-12T02:59:33-03:00] [info]: Environment variables successfully loaded.
[2024-10-12T02:59:33-03:00] [info]: The API is running on port 5000.
[2024-10-12T02:59:35-03:00] [warn]: Failed login attempt from IP: '::ffff:172.23.0.1' for user vago-dev1. Invalid passphrase.
[2024-10-12T03:00:29-03:00] [info]: Environment variables successfully loaded.
[2024-10-12T03:00:29-03:00] [info]: The API is running on port 5000.
[2024-10-12T03:01:24-03:00] [info]: Environment variables successfully loaded.
[2024-10-12T03:01:24-03:00] [info]: The API is running on port 5000.
[2024-10-12T03:01:35-03:00] [info]: Environment variables successfully loaded.
[2024-10-12T03:01:35-03:00] [info]: The API is running on port 5000.
[2024-10-12T03:01:42-03:00] [info]: Environment variables successfully loaded.
[2024-10-12T03:01:42-03:00] [info]: The API is running on port 5000.
[2024-10-12T03:04:03-03:00] [info]: Environment variables successfully loaded.
[2024-10-12T03:04:03-03:00] [info]: The API is running on port 5000.
[2024-10-12T03:04:16-03:00] [info]: Environment variables successfully loaded.
[2024-10-12T03:04:16-03:00] [info]: The API is running on port 5000.
[2024-10-12T03:04:29-03:00] [info]: Environment variables successfully loaded.
[2024-10-12T03:04:29-03:00] [info]: The API is running on port 5000.
[2024-10-12T03:04:43-03:00] [warn]: Failed login attempt from IP: '::ffff:172.23.0.1' for user vago-dev1. Invalid passphrase.
[2024-10-12T03:04:49-03:00] [warn]: Failed login attempt from IP: '::ffff:172.23.0.1' for user vago-dev1. Invalid passphrase.
[2024-10-12T03:06:23-03:00] [info]: Environment variables successfully loaded.
[2024-10-12T03:06:23-03:00] [info]: The API is running on port 5000.
[2024-10-12T03:06:27-03:00] [info]: New connection from IP: '::ffff:172.23.0.1' for user vago-dev1.
[2024-10-12T03:07:43-03:00] [info]: Environment variables successfully loaded.
[2024-10-12T03:07:43-03:00] [info]: The API is running on port 5000.
[2024-10-12T03:08:33-03:00] [info]: Environment variables successfully loaded.
[2024-10-12T03:08:33-03:00] [info]: The API is running on port 5000.
[2024-10-12T03:08:40-03:00] [info]: Environment variables successfully loaded.
[2024-10-12T03:08:40-03:00] [info]: The API is running on port 5000.
[2024-10-12T03:09:55-03:00] [info]: Environment variables successfully loaded.
[2024-10-12T03:09:55-03:00] [info]: The API is running on port 5000.
[2024-10-12T03:10:17-03:00] [info]: Environment variables successfully loaded.
[2024-10-12T03:10:17-03:00] [info]: The API is running on port 5000.
[2024-10-12T03:26:37-03:00] [info]: Environment variables successfully loaded.
[2024-10-12T03:26:37-03:00] [info]: The API is running on port 5000.
[2024-10-12T03:26:40-03:00] [info]: New connection from IP: '::ffff:172.23.0.1' for user vago-dev1.
[2024-10-12T03:26:51-03:00] [error]: Failed login attempt from IP: '::ffff:172.23.0.1' for user undefined.
[2024-10-12T03:26:51-03:00] [error]: Invalid username
[2024-10-12T03:27:43-03:00] [info]: Environment variables successfully loaded.
[2024-10-12T03:27:43-03:00] [info]: The API is running on port 5000.
[2024-10-12T03:28:59-03:00] [info]: New connection from IP: '::ffff:172.23.0.1' for user vago-dev1.
[2024-10-12T03:29:11-03:00] [warn]: Failed login attempt from IP: '::ffff:172.23.0.1' for uesr vago-dev1. Invalid private key.
[2024-10-12T03:29:14-03:00] [info]: New connection from IP: '::ffff:172.23.0.1' for user vago-dev1.
[2024-10-12T03:36:11-03:00] [info]: Environment variables successfully loaded.
[2024-10-12T03:36:11-03:00] [info]: The API is running on port 5000.
[2024-10-12T03:36:18-03:00] [info]: New connection from IP: '::ffff:172.23.0.1' for user vago-dev1.
[2024-10-12T03:36:23-03:00] [info]: New connection from IP: '::ffff:172.23.0.1' for user vago-dev1.
[2024-10-12T03:37:06-03:00] [info]: Environment variables successfully loaded.
[2024-10-12T03:37:06-03:00] [info]: The API is running on port 5000.
[2024-10-12T03:37:09-03:00] [info]: New connection from IP: '::ffff:172.23.0.1' for user vago-dev1.
[2024-10-12T03:37:14-03:00] [info]: New connection from IP: '::ffff:172.23.0.1' for user vago-dev1.
[2024-10-12T03:45:47-03:00] [info]: Environment variables successfully loaded.
[2024-10-12T03:45:47-03:00] [info]: The API is running on port 5000.
[2024-10-12T03:45:53-03:00] [info]: New connection from IP: '::ffff:172.23.0.1' for user vago-dev1.
[2024-10-12T03:46:12-03:00] [info]: Environment variables successfully loaded.
[2024-10-12T03:46:12-03:00] [info]: The API is running on port 5000.
[2024-10-12T03:46:17-03:00] [info]: New connection from IP: '::ffff:172.23.0.1' for user vago-dev1.
[2024-10-12T03:46:37-03:00] [info]: Environment variables successfully loaded.
[2024-10-12T03:46:37-03:00] [info]: The API is running on port 5000.
[2024-10-12T03:46:41-03:00] [info]: New connection from IP: '::ffff:172.23.0.1' for user vago-dev1.
[2024-10-12T03:46:51-03:00] [info]: New connection from IP: '::ffff:172.23.0.1' for user vago-dev1.
[2024-10-12T03:51:45-03:00] [info]: Environment variables successfully loaded.
[2024-10-12T03:51:45-03:00] [info]: The API is running on port 5000.
[2024-10-12T03:54:02-03:00] [info]: Environment variables successfully loaded.
[2024-10-12T03:54:02-03:00] [info]: The API is running on port 5000.
[2024-10-12T03:54:47-03:00] [info]: Environment variables successfully loaded.
[2024-10-12T03:54:47-03:00] [info]: The API is running on port 5000.
[2024-10-12T03:55:07-03:00] [info]: New connection from IP: '::ffff:172.23.0.1' for user vago-dev1.
[2024-10-12T03:55:09-03:00] [info]: New connection from IP: '::ffff:172.23.0.1' for user vago-dev1.
[2024-10-12T03:55:29-03:00] [info]: Environment variables successfully loaded.
[2024-10-12T03:55:29-03:00] [info]: The API is running on port 5000.
[2024-10-12T03:56:23-03:00] [info]: Environment variables successfully loaded.
[2024-10-12T03:56:23-03:00] [info]: The API is running on port 5000.
[2024-10-12T03:56:33-03:00] [info]: New connection from IP: '::ffff:172.23.0.1' for user vago-dev1.
[2024-10-12T03:56:54-03:00] [info]: Environment variables successfully loaded.
[2024-10-12T03:56:54-03:00] [info]: The API is running on port 5000.
[2024-10-12T03:57:01-03:00] [info]: New connection from IP: '::ffff:172.23.0.1' for user vago-dev1.
[2024-10-12T03:57:27-03:00] [info]: Environment variables successfully loaded.
[2024-10-12T03:57:27-03:00] [info]: The API is running on port 5000.
[2024-10-12T03:58:16-03:00] [info]: Environment variables successfully loaded.
[2024-10-12T03:58:16-03:00] [info]: The API is running on port 5000.
[2024-10-12T03:58:21-03:00] [info]: New connection from IP: '::ffff:172.23.0.1' for user vago-dev1.
[2024-10-12T03:58:36-03:00] [info]: Environment variables successfully loaded.
[2024-10-12T03:58:36-03:00] [info]: The API is running on port 5000.
[2024-10-12T03:58:39-03:00] [info]: New connection from IP: '::ffff:172.23.0.1' for user vago-dev1.
[2024-10-12T03:58:50-03:00] [info]: New connection from IP: '::ffff:172.23.0.1' for user vago-dev1.
[2024-10-12T03:59:08-03:00] [info]: New connection from IP: '::ffff:172.23.0.1' for user vago-dev1.
[2024-10-12T03:59:29-03:00] [info]: Environment variables successfully loaded.
[2024-10-12T03:59:29-03:00] [info]: The API is running on port 5000.
[2024-10-12T03:59:33-03:00] [info]: New connection from IP: '::ffff:172.23.0.1' for user vago-dev1.
[2024-10-12T03:59:38-03:00] [info]: New connection from IP: '::ffff:172.23.0.1' for user vago-dev1.
[2024-10-12T04:01:45-03:00] [info]: Environment variables successfully loaded.
[2024-10-12T04:01:45-03:00] [info]: The API is running on port 5000.
[2024-10-12T04:01:49-03:00] [info]: New connection from IP: '::ffff:172.23.0.1' for user vago-dev1.
[2024-10-12T04:04:07-03:00] [info]: Environment variables successfully loaded.
[2024-10-12T04:04:07-03:00] [info]: The API is running on port 5000.
[2024-10-12T04:37:29-03:00] [info]: Environment variables successfully loaded.
[2024-10-12T04:37:29-03:00] [info]: The API is running on port 5000.
[2024-10-12T04:38:41-03:00] [info]: Environment variables successfully loaded.
[2024-10-12T04:38:41-03:00] [info]: The API is running on port 5000.
[2024-10-12T04:39:06-03:00] [info]: Environment variables successfully loaded.
[2024-10-12T04:39:07-03:00] [info]: The API is running on port 5000.
[2024-10-12T04:39:09-03:00] [error]: Failed login attempt from IP: '::ffff:172.23.0.1' for user vago-dev1.
[2024-10-12T04:39:09-03:00] [error]: connect EHOSTUNREACH 186.123.152.30:2022
[2024-10-12T04:39:27-03:00] [error]: Failed login attempt from IP: '::ffff:172.23.0.1' for user vago-dev1.
[2024-10-12T04:39:27-03:00] [error]: connect EHOSTUNREACH 186.123.152.30:2022
[2024-10-12T04:45:30-03:00] [info]: Environment variables successfully loaded.
[2024-10-12T04:45:30-03:00] [info]: The API is running on port 5000.
[2024-10-12T04:45:34-03:00] [info]: New connection from IP: '::ffff:172.23.0.1' for user vago-dev1.
[2024-10-12T04:45:44-03:00] [error]: Failed login attempt from IP: '::ffff:172.23.0.1' for user vago-dev1.
[2024-10-12T04:45:44-03:00] [error]: There is already a connection with the identifier IBz78Cm2Pi5M5pE7Njg_Jx0sZIXED8OC.
[2024-10-12T04:48:09-03:00] [info]: Environment variables successfully loaded.
[2024-10-12T04:48:09-03:00] [info]: The API is running on port 5000.
[2024-10-12T04:48:17-03:00] [info]: Environment variables successfully loaded.
[2024-10-12T04:48:17-03:00] [info]: The API is running on port 5000.
[2024-10-12T04:48:20-03:00] [info]: New connection from IP: '::ffff:172.23.0.1' for user vago-dev1.
[2024-10-12T05:05:43-03:00] [info]: Environment variables successfully loaded.
[2024-10-12T05:05:43-03:00] [info]: The API is running on port 5000.
[2024-10-12T05:07:11-03:00] [info]: Environment variables successfully loaded.
[2024-10-12T05:07:11-03:00] [info]: The API is running on port 5000.
[2024-10-12T05:08:19-03:00] [info]: Environment variables successfully loaded.
[2024-10-12T05:08:19-03:00] [info]: The API is running on port 5000.
[2024-10-12T05:08:35-03:00] [info]: Environment variables successfully loaded.
[2024-10-12T05:08:35-03:00] [info]: The API is running on port 5000.
[2024-10-12T05:08:41-03:00] [info]: New connection from IP: '::ffff:172.23.0.1' for user vago-dev1.
[2024-10-12T05:08:42-03:00] [info]: The connection with id 'jO3m3KWdVQ1GTm5f6SttBsYC0XN-jVpI' created by the user 'vago-dev1' has expired.
[2024-10-12T05:09:19-03:00] [info]: Environment variables successfully loaded.
[2024-10-12T05:09:20-03:00] [info]: The API is running on port 5000.
[2024-10-12T05:09:28-03:00] [info]: Environment variables successfully loaded.
[2024-10-12T05:09:28-03:00] [info]: The API is running on port 5000.
[2024-10-12T05:09:32-03:00] [info]: New connection from IP: '::ffff:172.23.0.1' for user vago-dev1.
[2024-10-12T05:09:33-03:00] [info]: The connection with id 'ys72f3pGnKyJTRTagrOhfqNvwbcoE-AF' created by the user 'vago-dev1' has expired.
[2024-10-12T05:09:44-03:00] [info]: Environment variables successfully loaded.
[2024-10-12T05:09:44-03:00] [info]: The API is running on port 5000.
[2024-10-12T05:09:47-03:00] [info]: New connection from IP: '::ffff:172.23.0.1' for user vago-dev1.
[2024-10-12T05:09:57-03:00] [info]: The connection with id 'A2PK9k5piYrjOkto-e3ablaEDXGDM1uk' created by the user 'vago-dev1' has expired.
[2024-10-12T05:10:28-03:00] [info]: New connection from IP: '::ffff:172.23.0.1' for user vago-dev1.
[2024-10-12T05:10:38-03:00] [info]: The connection with id '4hDE-HVyxxsmpi2ZLKHPXPA1f-WvRRIt' created by the user 'vago-dev1' has expired.
[2024-10-12T05:10:47-03:00] [info]: New connection from IP: '::ffff:172.23.0.1' for user vago-dev1.
[2024-10-12T05:10:57-03:00] [info]: The connection with id 'c9PTfFPs51h6CD-JctfuZbZp4x-nYYKh' created by the user 'vago-dev1' has expired.
[2024-10-12T05:12:58-03:00] [info]: New connection from IP: '::ffff:172.23.0.1' for user vago-dev1.
[2024-10-12T05:13:08-03:00] [info]: The connection with id 'llBjQ84Ref_gHfAruiwMa-OsKQWNb7DM' created by the user 'vago-dev1' has expired.
[2024-10-12T05:19:03-03:00] [warn]: Failed login attempt from IP: '::ffff:172.23.0.1' for user vago-dev1. Invalid passphrase.
[2024-10-12T05:19:18-03:00] [info]: New connection from IP: '::ffff:172.23.0.1' for user vago-dev1.
[2024-10-12T05:19:22-03:00] [info]: New connection from IP: '::ffff:172.23.0.1' for user vago-dev1.
[2024-10-12T05:19:28-03:00] [info]: The connection with id 'O0FkSMCn-WSSnwPfBsalu7zNCZ0CwyYf' created by the user 'vago-dev1' has expired.
[2024-10-12T05:19:32-03:00] [info]: The connection with id 'MgdJvZ9Up0nIcx8PwrDYlg4es8Gya911' created by the user 'vago-dev1' has expired.
[2024-10-12T05:20:23-03:00] [info]: Environment variables successfully loaded.
[2024-10-12T05:20:23-03:00] [info]: The API is running on port 5000.
[2024-10-12T05:20:58-03:00] [info]: Environment variables successfully loaded.
[2024-10-12T05:20:58-03:00] [info]: The API is running on port 5000.
[2024-10-12T05:21:03-03:00] [info]: New connection from IP: '::ffff:172.23.0.1' for user vago-dev1.
[2024-10-12T05:21:09-03:00] [info]: New connection from IP: '::ffff:172.23.0.1' for user vago-dev1.
[2024-10-12T05:21:23-03:00] [info]: The connection with id '5ihbwZy9w1xl75cvq7WJNTVEXPrTz2pB' created by the user 'vago-dev1' has expired.
[2024-10-12T05:21:28-03:00] [info]: New connection from IP: '::ffff:172.23.0.1' for user vago-dev1.
[2024-10-12T05:21:29-03:00] [info]: The connection with id '2SpyC9VfdLhVdykxLVgGUNfc01fYmxdv' created by the user 'vago-dev1' has expired.
[2024-10-12T05:22:02-03:00] [info]: Environment variables successfully loaded.
[2024-10-12T05:22:02-03:00] [info]: The API is running on port 5000.
[2024-10-12T05:22:05-03:00] [info]: New connection from IP: '::ffff:172.23.0.1' for user vago-dev1.
[2024-10-12T05:22:08-03:00] [info]: New connection from IP: '::ffff:172.23.0.1' for user vago-dev1.
[2024-10-12T05:22:25-03:00] [info]: The connection with id 'M4wjvaxUy6clnzVn9MZVEiHMSb0xUosU' created by the user 'vago-dev1' has expired.
[2024-10-12T05:22:28-03:00] [info]: The connection with id 'gfjwP1uXXhmq0aRANsJAJRjtGuLJzzrA' created by the user 'vago-dev1' has expired.
[2024-10-12T05:24:18-03:00] [info]: Environment variables successfully loaded.
[2024-10-12T05:24:18-03:00] [info]: The API is running on port 5000.
[2024-10-12T05:25:53-03:00] [info]: Environment variables successfully loaded.
[2024-10-12T05:25:53-03:00] [info]: The API is running on port 5000.
[2024-10-12T05:28:16-03:00] [info]: Environment variables successfully loaded.
[2024-10-12T05:28:16-03:00] [info]: The API is running on port 5000.
[2024-10-12T05:28:45-03:00] [info]: Environment variables successfully loaded.
[2024-10-12T05:28:45-03:00] [info]: The API is running on port 5000.
[2024-10-12T05:28:51-03:00] [info]: New connection from IP: '::ffff:172.23.0.1' for user vago-dev1.
[2024-10-12T05:29:11-03:00] [info]: The connection with id 'vMKPksO05Usnz_65y1N8MNaKXEUEDFYT' has expired.
[2024-10-12T05:29:53-03:00] [info]: Environment variables successfully loaded.
[2024-10-12T05:29:53-03:00] [info]: The API is running on port 5000.
[2024-10-12T05:30:10-03:00] [info]: New connection from IP: '::ffff:172.23.0.1' for user vago-dev1.
[2024-10-12T05:30:17-03:00] [info]: The connection with id 'MekVWkfprbxmtsCovVNdyaiXOpPTt05e' has expired.
[2024-10-12T05:32:54-03:00] [info]: Environment variables successfully loaded.
[2024-10-12T05:32:54-03:00] [info]: The API is running on port 5000.
[2024-10-12T05:33:06-03:00] [info]: Environment variables successfully loaded.
[2024-10-12T05:33:06-03:00] [info]: The API is running on port 5000.
[2024-10-12T05:33:46-03:00] [info]: New connection from IP: '::ffff:172.23.0.1' for user vago-dev1.
[2024-10-12T05:33:51-03:00] [info]: The connection with id 'T90WkCzDlnOdNYWJrLdRPQwXF7UneWsV' has expired.
[2024-10-12T05:33:55-03:00] [info]: New connection from IP: '::ffff:172.23.0.1' for user vago-dev1.
[2024-10-12T05:34:01-03:00] [info]: The connection with id 'yKL0As_M6mue5R_WAPvr4zYvN9cP50h4' has expired.
[2024-10-12T05:34:49-03:00] [info]: Environment variables successfully loaded.
[2024-10-12T05:34:49-03:00] [info]: The API is running on port 5000.
[2024-10-12T05:39:21-03:00] [info]: Environment variables successfully loaded.
[2024-10-12T05:39:21-03:00] [info]: The API is running on port 5000.
[2024-10-12T05:40:01-03:00] [info]: Environment variables successfully loaded.
[2024-10-12T05:40:01-03:00] [info]: The API is running on port 5000.
[2024-10-12T05:40:32-03:00] [info]: Environment variables successfully loaded.
[2024-10-12T05:40:32-03:00] [info]: The API is running on port 5000.
[2024-10-12T05:40:34-03:00] [info]: Environment variables successfully loaded.
[2024-10-12T05:40:34-03:00] [info]: The API is running on port 5000.
[2024-10-12T05:40:45-03:00] [info]: New connection from IP: '::ffff:172.23.0.1' for user vago-dev1.
[2024-10-12T05:40:48-03:00] [info]: The connection with id 'CMxxx4vVpjgF2W4WnPHolcbgPGX3smj4' has expired.
[2024-10-12T05:40:51-03:00] [info]: New connection from IP: '::ffff:172.23.0.1' for user vago-dev1.
[2024-10-12T05:40:52-03:00] [info]: The connection with id 'LJKcVUUguNYMKJdMAEWdHyPFQ7xUz_2p' has expired.
[2024-10-12T05:40:56-03:00] [info]: New connection from IP: '::ffff:172.23.0.1' for user vago-dev1.
[2024-10-12T05:41:16-03:00] [info]: The connection with id 'oq3dZ70jgw-873Jb85woB_HXC_7eH62d' has expired.
